2017-03-25 11:23:08 [127.0.0.1][-][-][error][yii\base\ErrorException:2] exception 'yii\base\ErrorException' with message 'Invalid argument supplied for foreach()' in E:\OpenServer\domains\glory.local\frontend\views\site\index.php:26
Stack trace:
#0 E:\OpenServer\domains\glory.local\vendor\yiisoft\yii2\base\View.php(250): yii\base\View->renderPhpFile()
#1 E:\OpenServer\domains\glory.local\vendor\yiisoft\yii2\base\View.php(152): yii\base\View->renderFile()
#2 E:\OpenServer\domains\glory.local\vendor\yiisoft\yii2\base\Controller.php(381): yii\base\View->render()
#3 E:\OpenServer\domains\glory.local\frontend\controllers\SiteController.php(41): yii\base\Controller->render()
#4 E:\OpenServer\domains\glory.local\vendor\yiisoft\yii2\base\InlineAction.php(57): frontend\controllers\SiteController->actionIndex()
#5 E:\OpenServer\domains\glory.local\vendor\yiisoft\yii2\base\InlineAction.php(57): ::call_user_func_array:{E:\OpenServer\domains\glory.local\vendor\yiisoft\yii2\base\InlineAction.php:57}()
#6 E:\OpenServer\domains\glory.local\vendor\yiisoft\yii2\base\Controller.php(156): yii\base\InlineAction->runWithParams()
#7 E:\OpenServer\domains\glory.local\vendor\yiisoft\yii2\base\Module.php(523): yii\base\Controller->runAction()
#8 E:\OpenServer\domains\glory.local\vendor\yiisoft\yii2\web\Application.php(102): yii\base\Module->runAction()
#9 E:\OpenServer\domains\glory.local\vendor\yiisoft\yii2\base\Application.php(380): yii\web\Application->handleRequest()
#10 E:\OpenServer\domains\glory.local\frontend\web\index.php(18): yii\base\Application->run()
#11 {main}
2017-03-25 11:23:08 [127.0.0.1][-][-][info][application] $_COOKIE = [
    'PHPSESSID' => '9f09oo5j1bavlr2gm3kq3bl047'
    '_csrf' => '796382ee9cf3b4a7fd8d4aa122517097303e1bfaf5142849cb1d1c89ef8bd03fa:2:{i:0;s:5:\"_csrf\";i:1;s:32:\"ZK-lTfOa7kqZcyUFWVlc08j_m07fE1yZ\";}'
]

$_SERVER = [
    'REDIRECT_STATUS' => '200'
    'HTTP_HOST' => 'glory.local'
    'HTTP_CONNECTION' => 'keep-alive'
    'HTTP_CACHE_CONTROL' => 'max-age=0'
    'HTTP_UPGRADE_INSECURE_REQUESTS' => '1'
    'HTTP_USER_AGENT' => 'Mozilla/5.0 (Windows NT 10.0; Win64; x64) AppleWebKit/537.36 (KHTML, like Gecko) Chrome/56.0.2924.87 Safari/537.36'
    'HTTP_ACCEPT' => 'text/html,application/xhtml+xml,application/xml;q=0.9,image/webp,*/*;q=0.8'
    'HTTP_ACCEPT_ENCODING' => 'gzip, deflate, sdch'
    'HTTP_ACCEPT_LANGUAGE' => 'ru-RU,ru;q=0.8,en-US;q=0.6,en;q=0.4'
    'HTTP_COOKIE' => 'PHPSESSID=9f09oo5j1bavlr2gm3kq3bl047; _csrf=796382ee9cf3b4a7fd8d4aa122517097303e1bfaf5142849cb1d1c89ef8bd03fa%3A2%3A%7Bi%3A0%3Bs%3A5%3A%22_csrf%22%3Bi%3A1%3Bs%3A32%3A%22ZK-lTfOa7kqZcyUFWVlc08j_m07fE1yZ%22%3B%7D'
    'HTTP_X_COMPRESS' => 'null'
    'PATH' => 'e:\\openserver\\modules\\php\\PHP-5.6\\ext;e:\\openserver\\modules\\php\\PHP-5.6\\pear;e:\\openserver\\modules\\php\\PHP-5.6\\pear\\bin;e:\\openserver\\modules\\php\\PHP-5.6;e:\\openserver\\modules\\imagemagick;e:\\openserver\\modules\\wget\\bin;e:\\openserver\\modules\\git;e:\\openserver\\modules\\git\\bin;e:\\openserver\\modules\\git\\mingw\\bin;e:\\openserver\\modules\\git\\cmd;e:\\openserver\\modules\\database\\MySQL-5.5\\bin;e:\\openserver\\modules\\http\\Apache-2.4\\bin;e:\\openserver\\modules\\http\\Apache-2.4;C:\\WINDOWS\\system32;C:\\WINDOWS;C:\\WINDOWS\\system32\\Wbem;C:\\WINDOWS\\SysWOW64'
    'SystemRoot' => 'C:\\WINDOWS'
    'COMSPEC' => 'C:\\WINDOWS\\system32\\cmd.exe'
    'PATHEXT' => '.COM;.EXE;.BAT;.CMD;.VBS;.VBE;.JS;.JSE;.WSF;.WSH;.MSC;.RB;.RBW'
    'WINDIR' => 'C:\\WINDOWS'
    'SERVER_SIGNATURE' => ''
    'SERVER_SOFTWARE' => 'Apache'
    'SERVER_NAME' => 'glory.local'
    'SERVER_ADDR' => '127.0.0.1'
    'SERVER_PORT' => '80'
    'REMOTE_ADDR' => '127.0.0.1'
    'DOCUMENT_ROOT' => 'E:/OpenServer/domains/glory.local'
    'REQUEST_SCHEME' => 'http'
    'CONTEXT_PREFIX' => ''
    'CONTEXT_DOCUMENT_ROOT' => 'E:/OpenServer/domains/glory.local'
    'SERVER_ADMIN' => '[no address given]'
    'SCRIPT_FILENAME' => 'E:/OpenServer/domains/glory.local/frontend/web/index.php'
    'REMOTE_PORT' => '20731'
    'REDIRECT_URL' => '/'
    'GATEWAY_INTERFACE' => 'CGI/1.1'
    'SERVER_PROTOCOL' => 'HTTP/1.1'
    'REQUEST_METHOD' => 'GET'
    'QUERY_STRING' => ''
    'REQUEST_URI' => '/'
    'SCRIPT_NAME' => '/frontend/web/index.php'
    'PHP_SELF' => '/frontend/web/index.php'
    'REQUEST_TIME_FLOAT' => 1490430188.375
    'REQUEST_TIME' => 1490430188
    'argv' => []
    'argc' => 0
]
